TN:
SF:src\index.ts
FNF:0
FNH:0
DA:1,1
DA:2,1
DA:3,1
DA:4,1
DA:5,1
DA:6,1
DA:7,1
DA:8,1
LF:8
LH:8
BRF:0
BRH:0
end_of_record
TN:
SF:src\.errors\class.ts
FN:17,<instance_members_initializer>
FN:20,NodearchiveError
FNF:2
FNH:2
FNDA:71,<instance_members_initializer>
FNDA:71,NodearchiveError
DA:1,1
DA:2,1
DA:3,1
DA:4,1
DA:5,1
DA:6,1
DA:7,1
DA:8,1
DA:9,1
DA:10,1
DA:11,1
DA:12,1
DA:13,1
DA:14,1
DA:15,1
DA:16,1
DA:17,1
DA:18,71
DA:19,71
DA:20,71
DA:21,71
DA:22,71
DA:23,71
DA:24,71
DA:25,71
DA:26,71
LF:26
LH:26
BRDA:17,0,0,71
BRDA:20,1,0,71
BRDA:21,2,0,4
BRF:3
BRH:3
end_of_record
TN:
SF:src\.helpers\assertDirectoryPath\index.ts
FN:6,assertDirectoryPath
FNF:1
FNH:1
FNDA:82,assertDirectoryPath
DA:1,1
DA:2,1
DA:3,1
DA:4,1
DA:5,1
DA:6,1
DA:7,82
DA:8,82
DA:9,82
DA:10,82
DA:11,82
DA:12,82
DA:13,82
DA:14,582
DA:15,1
DA:16,1
DA:17,581
DA:18,581
DA:19,581
DA:20,581
DA:21,581
DA:22,535
DA:23,582
DA:24,1
DA:25,1
DA:26,1
DA:27,1
DA:28,1
DA:29,582
DA:30,47
DA:31,45
DA:32,45
DA:33,2
DA:34,2
DA:35,2
DA:36,2
DA:37,2
DA:38,2
DA:39,2
DA:40,582
DA:41,80
LF:41
LH:41
BRDA:6,0,0,82
BRDA:13,1,0,582
BRDA:14,2,0,1
BRDA:17,3,0,581
BRDA:22,4,0,535
BRDA:23,5,0,1
BRDA:29,6,0,47
BRDA:30,7,0,45
BRDA:33,8,0,2
BRDA:41,9,0,80
BRF:10
BRH:10
end_of_record
TN:
SF:src\.helpers\normalizeBlobInput\index.ts
FN:5,normalizeBlobInput
FNF:1
FNH:1
FNDA:23,normalizeBlobInput
DA:1,1
DA:2,1
DA:3,1
DA:4,1
DA:5,1
DA:6,23
DA:7,23
DA:8,23
DA:9,3
DA:10,3
DA:11,3
DA:12,20
DA:13,23
DA:14,1
DA:15,1
DA:16,19
DA:17,19
DA:18,19
DA:19,19
DA:20,23
DA:21,1
DA:22,1
DA:23,18
DA:24,18
DA:25,18
DA:26,18
DA:27,18
DA:28,18
DA:29,23
DA:30,2
DA:31,2
DA:32,2
DA:33,2
DA:34,2
DA:35,23
LF:35
LH:35
BRDA:5,0,0,23
BRDA:8,1,0,3
BRDA:12,2,0,20
BRDA:13,3,0,1
BRDA:16,4,0,19
BRDA:20,5,0,1
BRDA:23,6,0,18
BRDA:29,7,0,2
BRF:8
BRH:8
end_of_record
TN:
SF:src\.helpers\readArchive\index.ts
FN:7,readArchive
FNF:1
FNH:1
FNDA:29,readArchive
DA:1,1
DA:2,1
DA:3,1
DA:4,1
DA:5,1
DA:6,1
DA:7,1
DA:8,29
DA:9,29
DA:10,29
DA:11,20
DA:12,20
DA:13,20
DA:14,20
DA:15,20
DA:16,20
DA:17,20
DA:18,29
DA:19,13
DA:20,29
DA:21,1
DA:22,1
DA:23,1
DA:24,1
DA:25,1
DA:26,13
DA:27,28
DA:28,45
DA:29,45
DA:30,45
DA:31,45
DA:32,45
DA:33,44
DA:34,45
DA:35,1
DA:36,1
DA:37,1
DA:38,1
DA:39,1
DA:40,45
DA:41,12
DA:42,12
DA:43,29
DA:44,17
DA:45,17
DA:46,17
DA:47,17
DA:48,17
DA:49,17
DA:50,29
LF:50
LH:50
BRDA:7,0,0,29
BRDA:10,1,0,28
BRDA:10,2,0,20
BRDA:17,3,0,13
BRDA:18,4,0,13
BRDA:20,5,0,28
BRDA:20,6,0,1
BRDA:26,7,0,13
BRDA:27,8,0,45
BRDA:30,9,0,44
BRDA:31,10,0,17
BRDA:31,11,0,44
BRDA:32,12,0,27
BRDA:32,13,0,44
BRDA:33,14,0,41
BRDA:34,15,0,1
BRDA:41,16,0,12
BRDA:43,17,0,17
BRF:18
BRH:18
end_of_record
TN:
SF:src\.helpers\readBytecodec\index.ts
FN:5,readBytecodec
FNF:1
FNH:1
FNDA:65,readBytecodec
DA:1,1
DA:2,1
DA:3,1
DA:4,1
DA:5,1
DA:6,65
DA:7,65
LF:7
LH:7
BRDA:5,0,0,65
BRF:1
BRH:1
end_of_record
TN:
SF:src\.helpers\toNodearchiveError\index.ts
FN:3,toNodearchiveError
FNF:1
FNH:1
FNDA:44,toNodearchiveError
DA:1,1
DA:2,1
DA:3,1
DA:4,44
DA:5,44
DA:6,44
DA:7,44
DA:8,44
DA:9,16
DA:10,16
DA:11,28
DA:12,44
DA:13,44
DA:14,44
DA:15,44
DA:16,44
DA:17,44
LF:17
LH:17
BRDA:3,0,0,44
BRDA:8,1,0,16
BRDA:11,2,0,28
BRDA:12,3,0,27
BRDA:12,4,0,1
BRDA:14,5,0,27
BRDA:14,6,0,27
BRDA:14,7,0,26
BRDA:14,8,0,2
BRDA:16,9,0,27
BRDA:16,10,0,1
BRF:11
BRH:11
end_of_record
TN:
SF:src\pack\index.ts
FN:70,pack
FN:153,mergeEntries
FNF:2
FNH:2
FNDA:29,pack
FNDA:21,mergeEntries
DA:1,1
DA:2,1
DA:3,1
DA:4,1
DA:5,1
DA:6,1
DA:7,1
DA:8,1
DA:9,1
DA:10,1
DA:11,1
DA:12,1
DA:13,1
DA:14,1
DA:15,1
DA:16,1
DA:17,1
DA:18,1
DA:19,1
DA:20,1
DA:21,1
DA:22,1
DA:23,1
DA:24,1
DA:25,1
DA:26,1
DA:27,1
DA:28,1
DA:29,1
DA:30,1
DA:31,1
DA:32,1
DA:33,1
DA:34,1
DA:35,1
DA:36,1
DA:37,1
DA:38,1
DA:39,1
DA:40,1
DA:41,1
DA:42,1
DA:43,1
DA:44,1
DA:45,1
DA:46,1
DA:47,1
DA:48,1
DA:49,1
DA:50,1
DA:51,1
DA:52,1
DA:53,1
DA:54,1
DA:55,1
DA:56,1
DA:57,1
DA:58,1
DA:59,1
DA:60,1
DA:61,1
DA:62,1
DA:63,1
DA:64,1
DA:65,1
DA:66,1
DA:67,1
DA:68,1
DA:69,1
DA:70,1
DA:71,29
DA:72,29
DA:73,29
DA:74,1
DA:75,1
DA:76,1
DA:77,1
DA:78,1
DA:79,28
DA:80,28
DA:81,28
DA:82,4
DA:83,29
DA:84,1
DA:85,1
DA:86,1
DA:87,1
DA:88,1
DA:89,27
DA:90,27
DA:91,27
DA:92,29
DA:93,22
DA:94,29
DA:95,1
DA:96,1
DA:97,1
DA:98,1
DA:99,1
DA:100,26
DA:101,26
DA:102,26
DA:103,29
DA:104,1
DA:105,1
DA:106,1
DA:107,1
DA:108,1
DA:109,23
DA:110,23
DA:111,22
DA:112,22
DA:113,29
DA:114,29
DA:115,29
DA:116,29
DA:117,29
DA:118,29
DA:119,29
DA:120,29
DA:121,29
DA:122,29
DA:123,29
DA:124,29
DA:125,29
DA:126,29
DA:127,29
DA:128,20
DA:129,20
DA:130,20
DA:131,20
DA:132,20
DA:133,20
DA:134,20
DA:135,29
DA:136,29
DA:137,29
DA:138,29
DA:139,29
DA:140,8
DA:141,8
DA:142,12
DA:143,12
DA:144,12
DA:145,12
DA:146,29
DA:147,29
DA:148,29
DA:149,9
DA:150,29
DA:151,29
DA:152,1
DA:153,21
DA:154,21
DA:155,21
DA:156,21
DA:157,21
DA:158,21
DA:159,21
DA:160,73
DA:161,73
DA:162,21
DA:163,21
DA:164,21
LF:164
LH:164
BRDA:70,0,0,29
BRDA:73,1,0,1
BRDA:79,2,0,28
BRDA:81,3,0,4
BRDA:83,4,0,1
BRDA:89,5,0,27
BRDA:91,6,0,24
BRDA:92,7,0,22
BRDA:94,8,0,1
BRDA:100,9,0,26
BRDA:103,10,0,4
BRDA:103,11,0,1
BRDA:109,12,0,23
BRDA:111,13,0,22
BRDA:113,14,0,3
BRDA:114,15,0,27
BRDA:114,16,0,3
BRDA:115,17,0,2
BRDA:115,18,0,19
BRDA:118,19,0,1
BRDA:118,20,0,20
BRDA:128,21,0,20
BRDA:135,22,0,12
BRDA:135,23,0,8
BRDA:139,24,0,8
BRDA:140,25,0,1
BRDA:140,26,0,7
BRDA:142,27,0,12
BRDA:146,28,0,11
BRDA:149,29,0,9
BRDA:150,30,0,7
BRDA:150,31,0,2
BRDA:132,32,0,69
BRDA:153,33,0,21
BRDA:159,34,0,73
BRDA:157,35,0,4
BRDA:163,36,0,54
BRF:37
BRH:37
end_of_record
TN:
SF:src\pack\collectPathEntries\index.ts
FN:7,collectPathEntries
FN:32,visit
FN:78,inspect
FN:94,readChildren
FN:99,readSource
FN:104,expandGlobs
FN:121,toArchiveRoot
FN:142,toList
FNF:8
FNH:8
FNDA:32,collectPathEntries
FNDA:95,visit
FNDA:95,inspect
FNDA:43,readChildren
FNDA:48,readSource
FNDA:5,expandGlobs
FNDA:31,toArchiveRoot
FNDA:32,toList
DA:1,1
DA:2,1
DA:3,1
DA:4,1
DA:5,1
DA:6,1
DA:7,1
DA:8,32
DA:9,32
DA:10,32
DA:11,32
DA:12,32
DA:13,5
DA:14,32
DA:15,2
DA:16,2
DA:17,2
DA:18,2
DA:19,2
DA:20,30
DA:21,30
DA:22,30
DA:23,30
DA:24,32
DA:25,31
DA:26,31
DA:27,31
DA:28,27
DA:29,26
DA:30,26
DA:31,26
DA:32,26
DA:33,95
DA:34,93
DA:35,95
DA:36,1
DA:37,1
DA:38,1
DA:39,1
DA:40,1
DA:41,92
DA:42,95
DA:43,43
DA:44,43
DA:45,43
DA:46,43
DA:47,43
DA:48,43
DA:49,43
DA:50,43
DA:51,43
DA:52,43
DA:53,43
DA:54,43
DA:55,65
DA:56,65
DA:57,65
DA:58,65
DA:59,65
DA:60,43
DA:61,43
DA:62,43
DA:63,49
DA:64,95
DA:65,1
DA:66,1
DA:67,48
DA:68,48
DA:69,48
DA:70,48
DA:71,48
DA:72,48
DA:73,48
DA:74,48
DA:75,48
DA:76,48
DA:77,26
DA:78,26
DA:79,95
DA:80,95
DA:81,95
DA:82,2
DA:83,1
DA:84,1
DA:85,1
DA:86,1
DA:87,1
DA:88,1
DA:89,1
DA:90,1
DA:91,1
DA:92,95
DA:93,26
DA:94,26
DA:95,43
DA:96,43
DA:97,43
DA:98,26
DA:99,26
DA:100,48
DA:101,48
DA:102,26
DA:103,1
DA:104,5
DA:105,5
DA:106,1
DA:107,1
DA:108,4
DA:109,4
DA:110,4
DA:111,4
DA:112,4
DA:113,4
DA:114,4
DA:115,4
DA:116,4
DA:117,4
DA:118,4
DA:119,4
DA:120,1
DA:121,31
DA:122,31
DA:123,2
DA:124,2
DA:125,29
DA:126,29
DA:127,29
DA:128,31
DA:129,1
DA:130,1
DA:131,28
DA:132,31
DA:133,1
DA:134,1
DA:135,1
DA:136,1
DA:137,1
DA:138,27
DA:139,27
DA:140,27
DA:141,1
DA:142,32
DA:143,32
DA:144,1
DA:145,1
DA:146,31
DA:147,32
DA:148,32
LF:148
LH:148
BRDA:7,0,0,32
BRDA:11,1,0,27
BRDA:12,2,0,5
BRDA:13,3,0,5
BRDA:14,4,0,2
BRDA:20,5,0,30
BRDA:24,6,0,31
BRDA:28,7,0,27
BRDA:29,8,0,26
BRDA:30,9,0,65
BRDA:32,10,0,95
BRDA:34,11,0,93
BRDA:35,12,0,1
BRDA:41,13,0,92
BRDA:42,14,0,93
BRDA:42,15,0,43
BRDA:54,16,0,65
BRDA:63,17,0,49
BRDA:64,18,0,1
BRDA:67,19,0,48
BRDA:78,20,0,95
BRDA:81,21,0,2
BRDA:82,22,0,1
BRDA:94,23,0,43
BRDA:96,24,0,25
BRDA:99,25,0,48
BRDA:104,26,0,5
BRDA:105,27,0,1
BRDA:108,28,0,4
BRDA:121,29,0,31
BRDA:122,30,0,2
BRDA:125,31,0,29
BRDA:128,32,0,28
BRDA:128,33,0,1
BRDA:131,34,0,28
BRDA:132,35,0,27
BRDA:132,36,0,1
BRDA:138,37,0,27
BRDA:142,38,0,32
BRDA:143,39,0,1
BRDA:146,40,0,31
BRDA:147,41,0,30
BRDA:147,42,0,1
BRF:43
BRH:43
end_of_record
TN:
SF:src\pack\gzipBytes\index.ts
FN:9,gzipBytes
FNF:1
FNH:1
FNDA:4,gzipBytes
DA:1,1
DA:2,1
DA:3,1
DA:4,1
DA:5,1
DA:6,1
DA:7,1
DA:8,1
DA:9,1
DA:10,4
DA:11,4
DA:12,4
DA:13,4
DA:14,4
DA:15,4
DA:16,4
DA:17,3
DA:18,3
DA:19,4
DA:20,1
DA:21,1
DA:22,1
DA:23,1
DA:24,1
DA:25,1
DA:26,4
LF:26
LH:26
BRDA:9,0,0,4
BRDA:17,1,0,3
BRDA:19,2,0,1
BRF:3
BRH:3
end_of_record
TN:
SF:src\pack\readEntries\index.ts
FN:7,readEntries
FNF:1
FNH:1
FNDA:23,readEntries
DA:1,1
DA:2,1
DA:3,1
DA:4,1
DA:5,1
DA:6,1
DA:7,1
DA:8,23
DA:9,23
DA:10,23
DA:11,3
DA:12,3
DA:13,2
DA:14,2
DA:15,2
DA:16,2
DA:17,2
DA:18,2
DA:19,23
DA:20,23
DA:21,1
DA:22,1
DA:23,1
DA:24,1
DA:25,1
DA:26,1
DA:27,23
LF:27
LH:27
BRDA:7,0,0,23
BRDA:10,1,0,3
BRDA:12,2,0,2
BRDA:19,3,0,20
BRDA:20,4,0,1
BRF:5
BRH:5
end_of_record
TN:
SF:src\pack\readExistingArchive\index.ts
FN:6,readExistingArchive
FNF:1
FNH:1
FNDA:3,readExistingArchive
DA:1,1
DA:2,1
DA:3,1
DA:4,1
DA:5,1
DA:6,1
DA:7,3
DA:8,3
DA:9,3
DA:10,3
DA:11,1
DA:12,3
DA:13,2
DA:14,1
DA:15,1
DA:16,1
DA:17,1
DA:18,1
DA:19,1
DA:20,1
DA:21,1
DA:22,1
DA:23,3
LF:23
LH:23
BRDA:6,0,0,3
BRDA:11,1,0,1
BRDA:12,2,0,2
BRDA:13,3,0,1
BRF:4
BRH:4
end_of_record
TN:
SF:src\pack\resolveOutputFormat\index.ts
FN:14,resolveOutputFormat
FN:45,inferOutputFormat
FN:63,normalizeArchiveFormat
FNF:3
FNH:3
FNDA:34,resolveOutputFormat
FNDA:34,inferOutputFormat
FNDA:10,normalizeArchiveFormat
DA:1,1
DA:2,1
DA:3,1
DA:4,1
DA:5,1
DA:6,1
DA:7,1
DA:8,1
DA:9,1
DA:10,1
DA:11,1
DA:12,1
DA:13,1
DA:14,1
DA:15,34
DA:16,34
DA:17,34
DA:18,34
DA:19,34
DA:20,34
DA:21,19
DA:22,19
DA:23,15
DA:24,33
DA:25,2
DA:26,2
DA:27,2
DA:28,2
DA:29,2
DA:30,13
DA:31,13
DA:32,13
DA:33,5
DA:34,5
DA:35,34
DA:36,2
DA:37,2
DA:38,2
DA:39,2
DA:40,2
DA:41,11
DA:42,11
DA:43,11
DA:44,1
DA:45,34
DA:46,34
DA:47,34
DA:48,34
DA:49,14
DA:50,14
DA:51,20
DA:52,20
DA:53,20
DA:54,34
DA:55,82
DA:56,18
DA:57,18
DA:58,82
DA:59,2
DA:60,2
DA:61,2
DA:62,1
DA:63,10
DA:64,10
DA:65,10
LF:65
LH:65
BRDA:14,0,0,34
BRDA:20,1,0,19
BRDA:21,2,0,6
BRDA:23,3,0,33
BRDA:23,4,0,15
BRDA:24,5,0,2
BRDA:30,6,0,13
BRDA:32,7,0,5
BRDA:35,8,0,33
BRDA:35,9,0,2
BRDA:41,10,0,11
BRDA:45,11,0,34
BRDA:48,12,0,14
BRDA:51,13,0,20
BRDA:54,14,0,82
BRDA:55,15,0,18
BRDA:59,16,0,2
BRDA:63,17,0,10
BRDA:64,18,0,1
BRDA:64,19,0,9
BRF:20
BRH:20
end_of_record
TN:
SF:src\pack\toZlibLevel\index.ts
FN:10,toZlibLevel
FNF:1
FNH:1
FNDA:3,toZlibLevel
DA:1,1
DA:2,1
DA:3,1
DA:4,1
DA:5,1
DA:6,1
DA:7,1
DA:8,1
DA:9,1
DA:10,1
DA:11,3
DA:12,3
DA:13,3
DA:14,3
LF:14
LH:14
BRDA:10,0,0,3
BRF:1
BRH:1
end_of_record
TN:
SF:src\pack\writeArchive\index.ts
FN:16,writeArchive
FNF:1
FNH:1
FNDA:15,writeArchive
DA:1,1
DA:2,1
DA:3,1
DA:4,1
DA:5,1
DA:6,1
DA:7,1
DA:8,1
DA:9,1
DA:10,1
DA:11,1
DA:12,1
DA:13,1
DA:14,1
DA:15,1
DA:16,1
DA:17,15
DA:18,15
DA:19,15
DA:20,15
DA:21,15
DA:22,15
DA:23,15
DA:24,15
DA:25,15
DA:26,14
DA:27,14
DA:28,15
DA:29,1
DA:30,1
DA:31,1
DA:32,1
DA:33,1
DA:34,1
DA:35,15
LF:35
LH:35
BRDA:16,0,0,15
BRDA:26,1,0,14
BRDA:28,2,0,1
BRF:3
BRH:3
end_of_record
TN:
SF:src\pack\writeArchiveFile\index.ts
FN:7,writeArchiveFile
FN:59,readPathType
FNF:2
FNH:2
FNDA:16,writeArchiveFile
FNDA:16,readPathType
DA:1,1
DA:2,1
DA:3,1
DA:4,1
DA:5,1
DA:6,1
DA:7,1
DA:8,16
DA:9,16
DA:10,16
DA:11,16
DA:12,16
DA:13,16
DA:14,16
DA:15,16
DA:16,16
DA:17,16
DA:18,16
DA:19,15
DA:20,16
DA:21,2
DA:22,2
DA:23,2
DA:24,2
DA:25,2
DA:26,13
DA:27,16
DA:28,5
DA:29,2
DA:30,2
DA:31,2
DA:32,2
DA:33,2
DA:34,3
DA:35,3
DA:36,3
DA:37,8
DA:38,8
DA:39,8
DA:40,16
DA:41,16
DA:42,16
DA:43,6
DA:44,1
DA:45,1
DA:46,1
DA:47,1
DA:48,1
DA:49,1
DA:50,5
DA:51,5
DA:52,5
DA:53,5
DA:54,5
DA:55,5
DA:56,5
DA:57,16
DA:58,1
DA:59,16
DA:60,16
DA:61,16
DA:62,16
DA:63,16
DA:64,16
DA:65,16
DA:66,10
DA:67,9
DA:68,9
DA:69,1
DA:70,1
DA:71,1
DA:72,16
LF:72
LH:72
BRDA:7,0,0,16
BRDA:19,1,0,15
BRDA:20,2,0,2
BRDA:26,3,0,13
BRDA:27,4,0,5
BRDA:28,5,0,2
BRDA:28,6,0,2
BRDA:34,7,0,3
BRDA:37,8,0,8
BRDA:40,9,0,2
BRDA:40,10,0,6
BRDA:42,11,0,7
BRDA:42,12,0,6
BRDA:43,13,0,1
BRDA:50,14,0,5
BRDA:59,15,0,16
BRDA:64,16,0,14
BRDA:64,17,0,6
BRDA:64,18,0,2
BRDA:64,19,0,4
BRDA:65,20,0,10
BRDA:66,21,0,9
BRDA:69,22,0,1
BRF:23
BRH:23
end_of_record
TN:
SF:src\pack\writeGzipArchive\index.ts
FN:6,writeGzipArchive
FNF:1
FNH:1
FNDA:2,writeGzipArchive
DA:1,1
DA:2,1
DA:3,1
DA:4,1
DA:5,1
DA:6,1
DA:7,2
DA:8,2
DA:9,2
DA:10,2
DA:11,2
DA:12,2
DA:13,1
DA:14,1
DA:15,1
DA:16,1
DA:17,1
DA:18,1
DA:19,1
DA:20,1
LF:20
LH:20
BRDA:6,0,0,2
BRDA:12,1,0,1
BRDA:12,2,0,1
BRDA:12,3,0,1
BRDA:10,4,0,5
BRF:5
BRH:5
end_of_record
TN:
SF:src\pack\writeOutputArchive\index.ts
FN:10,writeOutputArchive
FNF:1
FNH:1
FNDA:23,writeOutputArchive
DA:1,1
DA:2,1
DA:3,1
DA:4,1
DA:5,1
DA:6,1
DA:7,1
DA:8,1
DA:9,1
DA:10,1
DA:11,23
DA:12,23
DA:13,23
DA:14,23
DA:15,23
DA:16,12
DA:17,12
DA:18,11
DA:19,22
DA:20,5
DA:21,5
DA:22,6
DA:23,21
DA:24,2
DA:25,2
DA:26,4
DA:27,21
DA:28,2
DA:29,2
DA:30,2
DA:31,2
DA:32,2
DA:33,2
LF:33
LH:33
BRDA:10,0,0,23
BRDA:15,1,0,12
BRDA:18,2,0,22
BRDA:18,3,0,11
BRDA:19,4,0,5
BRDA:22,5,0,21
BRDA:22,6,0,6
BRDA:23,7,0,2
BRDA:26,8,0,4
BRDA:27,9,0,2
BRF:10
BRH:10
end_of_record
TN:
SF:src\pack\writeTarArchive\index.ts
FN:6,writeTarArchive
FN:35,writeEntry
FN:72,onComplete
FNF:3
FNH:3
FNDA:6,writeTarArchive
FNDA:15,writeEntry
FNDA:14,onComplete
DA:1,1
DA:2,1
DA:3,1
DA:4,1
DA:5,1
DA:6,1
DA:7,6
DA:8,6
DA:9,6
DA:10,6
DA:11,6
DA:12,6
DA:13,6
DA:14,31
DA:15,6
DA:16,6
DA:17,6
DA:18,6
DA:19,6
DA:20,6
DA:21,15
DA:22,13
DA:23,4
DA:24,4
DA:25,4
DA:26,6
DA:27,2
DA:28,2
DA:29,2
DA:30,2
DA:31,2
DA:32,2
DA:33,6
DA:34,1
DA:35,15
DA:36,15
DA:37,15
DA:38,15
DA:39,15
DA:40,15
DA:41,7
DA:42,7
DA:43,7
DA:44,7
DA:45,7
DA:46,7
DA:47,7
DA:48,7
DA:49,7
DA:50,7
DA:51,8
DA:52,15
DA:53,1
DA:54,1
DA:55,1
DA:56,1
DA:57,1
DA:58,1
DA:59,1
DA:60,1
DA:61,7
DA:62,7
DA:63,7
DA:64,15
DA:65,15
DA:66,15
DA:67,15
DA:68,15
DA:69,15
DA:70,15
DA:71,15
DA:72,15
DA:73,14
DA:74,1
DA:75,1
DA:76,1
DA:77,13
DA:78,13
DA:79,13
DA:80,15
DA:81,15
LF:81
LH:81
BRDA:6,0,0,6
BRDA:20,1,0,15
BRDA:22,2,0,13
BRDA:23,3,0,4
BRDA:26,4,0,2
BRDA:12,5,0,6
BRDA:13,6,0,31
BRDA:17,7,0,4
BRDA:35,8,0,15
BRDA:39,9,0,15
BRDA:40,10,0,7
BRDA:43,11,0,1
BRDA:51,12,0,8
BRDA:52,13,0,1
BRDA:61,14,0,7
BRDA:64,15,0,1
BRDA:72,16,0,14
BRDA:73,17,0,1
BRDA:77,18,0,13
BRF:19
BRH:19
end_of_record
TN:
SF:src\pack\writeZipArchive\index.ts
FN:7,writeZipArchive
FN:47,toZipOptions
FNF:2
FNH:2
FNDA:5,writeZipArchive
FNDA:4,toZipOptions
DA:1,1
DA:2,1
DA:3,1
DA:4,1
DA:5,1
DA:6,1
DA:7,1
DA:8,5
DA:9,5
DA:10,5
DA:11,5
DA:12,5
DA:13,5
DA:14,5
DA:15,15
DA:16,7
DA:17,7
DA:18,7
DA:19,7
DA:20,7
DA:21,7
DA:22,8
DA:23,15
DA:24,1
DA:25,1
DA:26,1
DA:27,1
DA:28,1
DA:29,7
DA:30,7
DA:31,7
DA:32,7
DA:33,7
DA:34,4
DA:35,4
DA:36,4
DA:37,4
DA:38,5
DA:39,1
DA:40,1
DA:41,1
DA:42,1
DA:43,1
DA:44,1
DA:45,5
DA:46,1
DA:47,4
DA:48,4
DA:49,1
DA:50,1
DA:51,3
DA:52,3
DA:53,3
DA:54,3
DA:55,4
DA:56,4
DA:57,4
DA:58,4
DA:59,4
LF:59
LH:59
BRDA:7,0,0,5
BRDA:14,1,0,15
BRDA:15,2,0,14
BRDA:15,3,0,7
BRDA:22,4,0,8
BRDA:23,5,0,1
BRDA:29,6,0,7
BRDA:34,7,0,4
BRDA:38,8,0,1
BRDA:47,9,0,4
BRDA:48,10,0,1
BRDA:51,11,0,3
BRDA:55,12,0,1
BRDA:55,13,0,2
BRF:14
BRH:14
end_of_record
TN:
SF:src\unpack\index.ts
FN:57,unpack
FNF:1
FNH:1
FNDA:29,unpack
DA:1,1
DA:2,1
DA:3,1
DA:4,1
DA:5,1
DA:6,1
DA:7,1
DA:8,1
DA:9,1
DA:10,1
DA:11,1
DA:12,1
DA:13,1
DA:14,1
DA:15,1
DA:16,1
DA:17,1
DA:18,1
DA:19,1
DA:20,1
DA:21,1
DA:22,1
DA:23,1
DA:24,1
DA:25,1
DA:26,1
DA:27,1
DA:28,1
DA:29,1
DA:30,1
DA:31,1
DA:32,1
DA:33,1
DA:34,1
DA:35,1
DA:36,1
DA:37,1
DA:38,1
DA:39,1
DA:40,1
DA:41,1
DA:42,1
DA:43,1
DA:44,1
DA:45,1
DA:46,1
DA:47,1
DA:48,1
DA:49,1
DA:50,1
DA:51,1
DA:52,1
DA:53,1
DA:54,1
DA:55,1
DA:56,1
DA:57,1
DA:58,29
DA:59,29
DA:60,29
DA:61,1
DA:62,1
DA:63,1
DA:64,1
DA:65,1
DA:66,28
DA:67,28
DA:68,28
DA:69,15
DA:70,29
DA:71,1
DA:72,1
DA:73,1
DA:74,1
DA:75,1
DA:76,27
DA:77,27
DA:78,29
DA:79,29
DA:80,1
DA:81,1
DA:82,1
DA:83,1
DA:84,1
DA:85,26
DA:86,26
DA:87,26
DA:88,29
DA:89,29
DA:90,10
DA:91,22
DA:92,22
DA:93,22
DA:94,71
DA:95,71
DA:96,71
DA:97,22
DA:98,22
DA:99,22
DA:100,22
DA:101,22
DA:102,22
DA:103,22
DA:104,29
DA:105,29
DA:106,29
DA:107,29
DA:108,29
DA:109,12
DA:110,12
DA:111,10
DA:112,10
DA:113,10
DA:114,10
DA:115,10
DA:116,10
DA:117,10
DA:118,10
DA:119,29
DA:120,3
DA:121,3
DA:122,3
DA:123,3
DA:124,3
DA:125,3
DA:126,7
DA:127,29
DA:128,29
LF:128
LH:128
BRDA:57,0,0,29
BRDA:60,1,0,1
BRDA:66,2,0,28
BRDA:68,3,0,15
BRDA:69,4,0,14
BRDA:70,5,0,1
BRDA:76,6,0,27
BRDA:79,7,0,13
BRDA:79,8,0,1
BRDA:85,9,0,26
BRDA:88,10,0,14
BRDA:89,11,0,12
BRDA:90,12,0,10
BRDA:91,13,0,22
BRDA:104,14,0,10
BRDA:104,15,0,12
BRDA:108,16,0,12
BRDA:111,17,0,10
BRDA:119,18,0,7
BRDA:119,19,0,3
BRDA:126,20,0,7
BRDA:127,21,0,4
BRDA:127,22,0,3
BRDA:93,23,0,71
BRDA:96,24,0,41
BRDA:97,25,0,30
BRDA:102,26,0,71
BRF:27
BRH:27
end_of_record
TN:
SF:src\unpack\materializeArchive\index.ts
FN:8,materializeArchive
FN:84,applyMode
FN:92,ensureDirectory
FN:96,readPathType
FN:111,toSafePath
FNF:5
FNH:5
FNDA:19,materializeArchive
FNDA:22,applyMode
FNDA:38,ensureDirectory
FNDA:25,readPathType
FNDA:45,toSafePath
DA:1,1
DA:2,1
DA:3,1
DA:4,1
DA:5,1
DA:6,1
DA:7,1
DA:8,1
DA:9,19
DA:10,19
DA:11,19
DA:12,19
DA:13,19
DA:14,19
DA:15,19
DA:16,19
DA:17,19
DA:18,13
DA:19,13
DA:20,19
DA:21,19
DA:22,45
DA:23,45
DA:24,45
DA:25,45
DA:26,18
DA:27,18
DA:28,18
DA:29,11
DA:30,11
DA:31,11
DA:32,18
DA:33,18
DA:34,18
DA:35,25
DA:36,25
DA:37,25
DA:38,25
DA:39,24
DA:40,45
DA:41,1
DA:42,1
DA:43,1
DA:44,1
DA:45,1
DA:46,23
DA:47,45
DA:48,9
DA:49,2
DA:50,2
DA:51,2
DA:52,2
DA:53,2
DA:54,7
DA:55,7
DA:56,7
DA:57,14
DA:58,14
DA:59,14
DA:60,14
DA:61,14
DA:62,45
DA:63,45
DA:64,45
DA:65,3
DA:66,2
DA:67,2
DA:68,2
DA:69,2
DA:70,2
DA:71,2
DA:72,1
DA:73,1
DA:74,1
DA:75,1
DA:76,1
DA:77,1
DA:78,1
DA:79,11
DA:80,11
DA:81,11
DA:82,10
DA:83,1
DA:84,22
DA:85,22
DA:86,4
DA:87,4
DA:88,18
DA:89,18
DA:90,18
DA:91,1
DA:92,38
DA:93,38
DA:94,38
DA:95,1
DA:96,25
DA:97,25
DA:98,25
DA:99,25
DA:100,25
DA:101,25
DA:102,25
DA:103,15
DA:104,14
DA:105,14
DA:106,1
DA:107,1
DA:108,1
DA:109,25
DA:110,1
DA:111,45
DA:112,45
DA:113,45
DA:114,45
DA:115,45
DA:116,45
DA:117,45
DA:118,43
DA:119,45
DA:120,2
DA:121,2
DA:122,2
DA:123,2
DA:124,2
DA:125,43
DA:126,43
DA:127,43
LF:127
LH:127
BRDA:8,0,0,19
BRDA:17,1,0,13
BRDA:21,2,0,45
BRDA:25,3,0,43
BRDA:25,4,0,18
BRDA:28,5,0,11
BRDA:35,6,0,25
BRDA:39,7,0,24
BRDA:40,8,0,1
BRDA:46,9,0,23
BRDA:47,10,0,9
BRDA:48,11,0,2
BRDA:48,12,0,2
BRDA:54,13,0,7
BRDA:57,14,0,43
BRDA:57,15,0,14
BRDA:62,16,0,8
BRDA:62,17,0,6
BRDA:64,18,0,11
BRDA:64,19,0,3
BRDA:65,20,0,2
BRDA:72,21,0,1
BRDA:79,22,0,11
BRDA:82,23,0,10
BRDA:84,24,0,22
BRDA:85,25,0,4
BRDA:88,26,0,18
BRDA:92,27,0,38
BRDA:96,28,0,25
BRDA:101,29,0,23
BRDA:101,30,0,10
BRDA:101,31,0,1
BRDA:101,32,0,9
BRDA:102,33,0,15
BRDA:103,34,0,14
BRDA:106,35,0,1
BRDA:111,36,0,45
BRDA:116,37,0,43
BRDA:117,38,0,43
BRDA:119,39,0,2
BRDA:125,40,0,43
BRF:41
BRH:41
end_of_record
TN:
SF:src\unpack\readArchiveFile\index.ts
FN:5,readArchiveFile
FNF:1
FNH:1
FNDA:12,readArchiveFile
DA:1,1
DA:2,1
DA:3,1
DA:4,1
DA:5,1
DA:6,12
DA:7,12
DA:8,10
DA:9,12
DA:10,2
DA:11,1
DA:12,1
DA:13,1
DA:14,1
DA:15,1
DA:16,1
DA:17,1
DA:18,1
DA:19,1
DA:20,1
DA:21,1
DA:22,1
DA:23,1
DA:24,12
LF:24
LH:24
BRDA:5,0,0,12
BRDA:8,1,0,10
BRDA:9,2,0,2
BRDA:10,3,0,1
BRF:4
BRH:4
end_of_record
TN:
SF:src\unpack\readForeignArchive\index.ts
FN:7,readForeignArchive
FN:29,looksLikeZip
FN:39,looksLikeGzip
FN:43,looksLikeTar
FNF:4
FNH:4
FNDA:17,readForeignArchive
FNDA:17,looksLikeZip
FNDA:10,looksLikeGzip
FNDA:4,looksLikeTar
DA:1,1
DA:2,1
DA:3,1
DA:4,1
DA:5,1
DA:6,1
DA:7,1
DA:8,17
DA:9,17
DA:10,17
DA:11,17
DA:12,7
DA:13,7
DA:14,10
DA:15,16
DA:16,6
DA:17,6
DA:18,4
DA:19,16
DA:20,3
DA:21,3
DA:22,1
DA:23,1
DA:24,1
DA:25,1
DA:26,1
DA:27,1
DA:28,1
DA:29,17
DA:30,17
DA:31,17
DA:32,17
DA:33,17
DA:34,17
DA:35,7
DA:36,17
DA:37,17
DA:38,1
DA:39,10
DA:40,10
DA:41,10
DA:42,1
DA:43,4
DA:44,4
DA:45,4
DA:46,3
DA:47,4
DA:48,4
LF:48
LH:48
BRDA:7,0,0,17
BRDA:11,1,0,7
BRDA:14,2,0,16
BRDA:14,3,0,10
BRDA:15,4,0,6
BRDA:18,5,0,4
BRDA:19,6,0,3
BRDA:22,7,0,1
BRDA:29,8,0,17
BRDA:31,9,0,16
BRDA:32,10,0,7
BRDA:33,11,0,7
BRDA:34,12,0,2
BRDA:34,13,0,1
BRDA:34,14,0,7
BRDA:35,15,0,2
BRDA:35,16,0,1
BRDA:39,17,0,10
BRDA:40,18,0,6
BRDA:43,19,0,4
BRDA:45,20,0,3
BRF:21
BRH:21
end_of_record
TN:
SF:src\unpack\readGzipArchive\index.ts
FN:8,readGzipArchive
FN:35,looksLikeTar
FN:42,toEntryPath
FNF:3
FNH:3
FNDA:8,readGzipArchive
FNDA:7,looksLikeTar
FNDA:4,toEntryPath
DA:1,1
DA:2,1
DA:3,1
DA:4,1
DA:5,1
DA:6,1
DA:7,1
DA:8,1
DA:9,8
DA:10,8
DA:11,8
DA:12,8
DA:13,8
DA:14,8
DA:15,8
DA:16,3
DA:17,3
DA:18,4
DA:19,4
DA:20,4
DA:21,4
DA:22,4
DA:23,4
DA:24,4
DA:25,4
DA:26,8
DA:27,1
DA:28,1
DA:29,1
DA:30,1
DA:31,1
DA:32,1
DA:33,8
DA:34,1
DA:35,7
DA:36,7
DA:37,7
DA:38,3
DA:39,7
DA:40,7
DA:41,1
DA:42,4
DA:43,4
DA:44,2
DA:45,2
DA:46,2
DA:47,2
DA:48,2
DA:49,4
DA:50,4
LF:50
LH:50
BRDA:8,0,0,8
BRDA:15,1,0,3
BRDA:18,2,0,4
BRDA:26,3,0,1
BRDA:35,4,0,7
BRDA:37,5,0,3
BRDA:42,6,0,4
BRDA:43,7,0,2
BRDA:49,8,0,1
BRF:9
BRH:9
end_of_record
TN:
SF:src\unpack\readInputArchive\index.ts
FN:5,readInputArchive
FNF:1
FNH:1
FNDA:24,readInputArchive
DA:1,1
DA:2,1
DA:3,1
DA:4,1
DA:5,1
DA:6,24
DA:7,24
DA:8,24
DA:9,24
DA:10,24
DA:11,24
DA:12,14
DA:13,14
DA:14,24
LF:14
LH:14
BRDA:5,0,0,24
BRDA:11,1,0,14
BRF:2
BRH:2
end_of_record
TN:
SF:src\unpack\readTarArchive\index.ts
FN:9,readTarArchive
FN:23,collectEntries
FN:55,pushEntry
FNF:3
FNH:3
FNDA:8,readTarArchive
FNDA:8,collectEntries
FNDA:20,pushEntry
DA:1,1
DA:2,1
DA:3,1
DA:4,1
DA:5,1
DA:6,1
DA:7,1
DA:8,1
DA:9,1
DA:10,8
DA:11,8
DA:12,8
DA:13,8
DA:14,8
DA:15,1
DA:16,1
DA:17,1
DA:18,1
DA:19,1
DA:20,1
DA:21,8
DA:22,1
DA:23,8
DA:24,8
DA:25,8
DA:26,8
DA:27,8
DA:28,8
DA:29,20
DA:30,20
DA:31,20
DA:32,10
DA:33,20
DA:34,20
DA:35,20
DA:36,20
DA:37,20
DA:38,20
DA:39,20
DA:40,1
DA:41,1
DA:42,1
DA:43,19
DA:44,19
DA:45,20
DA:46,8
DA:47,8
DA:48,8
DA:49,8
DA:50,8
DA:51,8
DA:52,8
DA:53,8
DA:54,1
DA:55,20
DA:56,20
DA:57,20
DA:58,20
DA:59,20
DA:60,20
DA:61,20
DA:62,20
DA:63,1
DA:64,1
DA:65,19
DA:66,20
DA:67,8
DA:68,8
DA:69,8
DA:70,11
DA:71,20
DA:72,1
DA:73,1
DA:74,1
DA:75,1
DA:76,1
DA:77,10
DA:78,10
DA:79,10
DA:80,10
DA:81,10
DA:82,10
DA:83,10
DA:84,10
LF:84
LH:84
BRDA:9,0,0,8
BRDA:13,1,0,7
BRDA:14,2,0,1
BRDA:23,3,0,8
BRDA:24,4,0,8
BRDA:28,5,0,20
BRDA:31,6,0,10
BRDA:36,7,0,20
BRDA:39,8,0,1
BRDA:43,9,0,19
BRDA:49,10,0,7
BRDA:55,11,0,20
BRDA:62,12,0,1
BRDA:65,13,0,19
BRDA:66,14,0,8
BRDA:70,15,0,11
BRDA:71,16,0,1
BRDA:71,17,0,1
BRDA:77,18,0,10
BRF:19
BRH:19
end_of_record
TN:
SF:src\unpack\readZipArchive\index.ts
FN:8,readZipArchive
FN:54,toMode
FNF:2
FNH:2
FNDA:9,readZipArchive
FNDA:20,toMode
DA:1,1
DA:2,1
DA:3,1
DA:4,1
DA:5,1
DA:6,1
DA:7,1
DA:8,1
DA:9,9
DA:10,9
DA:11,9
DA:12,9
DA:13,8
DA:14,8
DA:15,9
DA:16,23
DA:17,23
DA:18,23
DA:19,3
DA:20,3
DA:21,20
DA:22,20
DA:23,20
DA:24,23
DA:25,1
DA:26,1
DA:27,1
DA:28,1
DA:29,1
DA:30,19
DA:31,23
DA:32,7
DA:33,7
DA:34,7
DA:35,12
DA:36,12
DA:37,12
DA:38,12
DA:39,12
DA:40,12
DA:41,12
DA:42,12
DA:43,7
DA:44,7
DA:45,9
DA:46,2
DA:47,2
DA:48,2
DA:49,2
DA:50,2
DA:51,2
DA:52,9
DA:53,1
DA:54,20
DA:55,20
DA:56,4
DA:57,4
DA:58,16
DA:59,20
DA:60,3
DA:61,3
DA:62,13
DA:63,13
DA:64,13
LF:64
LH:64
BRDA:8,0,0,9
BRDA:13,1,0,8
BRDA:15,2,0,23
BRDA:18,3,0,3
BRDA:21,4,0,20
BRDA:24,5,0,7
BRDA:24,6,0,1
BRDA:30,7,0,19
BRDA:31,8,0,22
BRDA:31,9,0,7
BRDA:35,10,0,12
BRDA:43,11,0,7
BRDA:45,12,0,2
BRDA:54,13,0,20
BRDA:55,14,0,4
BRDA:58,15,0,16
BRDA:59,16,0,3
BRDA:62,17,0,13
BRF:18
BRH:18
end_of_record
TN:
SF:src\unpack\toArchiveManifest\index.ts
FN:4,toArchiveManifest
FNF:1
FNH:1
FNDA:18,toArchiveManifest
DA:1,1
DA:2,1
DA:3,1
DA:4,1
DA:5,18
DA:6,18
DA:7,24
DA:8,18
DA:9,18
DA:10,18
DA:11,18
DA:12,18
LF:12
LH:12
BRDA:4,0,0,18
BRDA:6,1,0,24
BRF:2
BRH:2
end_of_record
TN:
SF:src\unpack\toMemoryResult\index.ts
FN:4,toMemoryResult
FNF:1
FNH:1
FNDA:12,toMemoryResult
DA:1,1
DA:2,1
DA:3,1
DA:4,1
DA:5,12
DA:6,12
DA:7,12
DA:8,3
DA:9,3
DA:10,9
DA:11,9
DA:12,9
DA:13,32
DA:14,32
DA:15,16
DA:16,16
DA:17,16
DA:18,16
DA:19,16
DA:20,32
DA:21,16
DA:22,16
DA:23,16
DA:24,16
DA:25,9
DA:26,9
DA:27,9
LF:27
LH:27
BRDA:4,0,0,12
BRDA:7,1,0,3
BRDA:7,2,0,3
BRDA:10,3,0,9
BRDA:12,4,0,32
BRDA:14,5,0,16
BRDA:20,6,0,16
BRF:7
BRH:7
end_of_record
