TN:
SF:src\index.ts
FNF:0
FNH:0
DA:1,1
DA:2,1
DA:3,1
DA:4,1
DA:5,1
DA:6,1
DA:7,1
DA:8,1
DA:9,1
DA:10,1
DA:11,1
DA:12,1
DA:13,1
DA:14,1
DA:15,1
DA:16,1
DA:17,1
DA:18,1
DA:19,1
DA:20,1
DA:21,1
DA:22,1
DA:23,1
LF:23
LH:23
BRF:0
BRH:0
end_of_record
TN:
SF:src\.errors\class.ts
FN:32,<instance_members_initializer>
FN:35,NodearchiveError
FNF:2
FNH:2
FNDA:71,<instance_members_initializer>
FNDA:71,NodearchiveError
DA:1,1
DA:2,1
DA:3,1
DA:4,1
DA:5,1
DA:6,1
DA:7,1
DA:8,1
DA:9,1
DA:10,1
DA:11,1
DA:12,1
DA:13,1
DA:14,1
DA:15,1
DA:16,1
DA:17,1
DA:18,1
DA:19,1
DA:20,1
DA:21,1
DA:22,1
DA:23,1
DA:24,1
DA:25,1
DA:26,1
DA:27,1
DA:28,1
DA:29,1
DA:30,1
DA:31,1
DA:32,1
DA:33,71
DA:34,71
DA:35,71
DA:36,71
DA:37,71
DA:38,71
DA:39,71
DA:40,71
DA:41,71
LF:41
LH:41
BRDA:32,0,0,71
BRDA:35,1,0,71
BRDA:36,2,0,4
BRF:3
BRH:3
end_of_record
TN:
SF:src\.helpers\assertDirectoryPath\index.ts
FN:21,assertDirectoryPath
FNF:1
FNH:1
FNDA:82,assertDirectoryPath
DA:1,1
DA:2,1
DA:3,1
DA:4,1
DA:5,1
DA:6,1
DA:7,1
DA:8,1
DA:9,1
DA:10,1
DA:11,1
DA:12,1
DA:13,1
DA:14,1
DA:15,1
DA:16,1
DA:17,1
DA:18,1
DA:19,1
DA:20,1
DA:21,1
DA:22,82
DA:23,82
DA:24,82
DA:25,82
DA:26,82
DA:27,82
DA:28,82
DA:29,582
DA:30,1
DA:31,1
DA:32,581
DA:33,581
DA:34,581
DA:35,581
DA:36,581
DA:37,535
DA:38,582
DA:39,1
DA:40,1
DA:41,1
DA:42,1
DA:43,1
DA:44,582
DA:45,47
DA:46,45
DA:47,45
DA:48,2
DA:49,2
DA:50,2
DA:51,2
DA:52,2
DA:53,2
DA:54,2
DA:55,582
DA:56,80
LF:56
LH:56
BRDA:21,0,0,82
BRDA:28,1,0,582
BRDA:29,2,0,1
BRDA:32,3,0,581
BRDA:37,4,0,535
BRDA:38,5,0,1
BRDA:44,6,0,47
BRDA:45,7,0,45
BRDA:48,8,0,2
BRDA:56,9,0,80
BRF:10
BRH:10
end_of_record
TN:
SF:src\.helpers\normalizeBlobInput\index.ts
FN:20,normalizeBlobInput
FNF:1
FNH:1
FNDA:23,normalizeBlobInput
DA:1,1
DA:2,1
DA:3,1
DA:4,1
DA:5,1
DA:6,1
DA:7,1
DA:8,1
DA:9,1
DA:10,1
DA:11,1
DA:12,1
DA:13,1
DA:14,1
DA:15,1
DA:16,1
DA:17,1
DA:18,1
DA:19,1
DA:20,1
DA:21,23
DA:22,23
DA:23,23
DA:24,3
DA:25,3
DA:26,3
DA:27,20
DA:28,23
DA:29,1
DA:30,1
DA:31,19
DA:32,19
DA:33,19
DA:34,19
DA:35,23
DA:36,1
DA:37,1
DA:38,18
DA:39,18
DA:40,18
DA:41,18
DA:42,18
DA:43,18
DA:44,23
DA:45,2
DA:46,2
DA:47,2
DA:48,2
DA:49,2
DA:50,23
LF:50
LH:50
BRDA:20,0,0,23
BRDA:23,1,0,3
BRDA:27,2,0,20
BRDA:28,3,0,1
BRDA:31,4,0,19
BRDA:35,5,0,1
BRDA:38,6,0,18
BRDA:44,7,0,2
BRF:8
BRH:8
end_of_record
TN:
SF:src\.helpers\readArchive\index.ts
FN:22,readArchive
FNF:1
FNH:1
FNDA:29,readArchive
DA:1,1
DA:2,1
DA:3,1
DA:4,1
DA:5,1
DA:6,1
DA:7,1
DA:8,1
DA:9,1
DA:10,1
DA:11,1
DA:12,1
DA:13,1
DA:14,1
DA:15,1
DA:16,1
DA:17,1
DA:18,1
DA:19,1
DA:20,1
DA:21,1
DA:22,1
DA:23,29
DA:24,29
DA:25,29
DA:26,20
DA:27,20
DA:28,20
DA:29,20
DA:30,20
DA:31,20
DA:32,20
DA:33,29
DA:34,13
DA:35,29
DA:36,1
DA:37,1
DA:38,1
DA:39,1
DA:40,1
DA:41,13
DA:42,28
DA:43,45
DA:44,45
DA:45,45
DA:46,45
DA:47,45
DA:48,44
DA:49,45
DA:50,1
DA:51,1
DA:52,1
DA:53,1
DA:54,1
DA:55,45
DA:56,12
DA:57,12
DA:58,29
DA:59,17
DA:60,17
DA:61,17
DA:62,17
DA:63,17
DA:64,17
DA:65,29
LF:65
LH:65
BRDA:22,0,0,29
BRDA:25,1,0,28
BRDA:25,2,0,20
BRDA:32,3,0,13
BRDA:33,4,0,13
BRDA:35,5,0,28
BRDA:35,6,0,1
BRDA:41,7,0,13
BRDA:42,8,0,45
BRDA:45,9,0,44
BRDA:46,10,0,17
BRDA:46,11,0,44
BRDA:47,12,0,27
BRDA:47,13,0,44
BRDA:48,14,0,41
BRDA:49,15,0,1
BRDA:56,16,0,12
BRDA:58,17,0,17
BRF:18
BRH:18
end_of_record
TN:
SF:src\.helpers\readBytecodec\index.ts
FN:20,readBytecodec
FNF:1
FNH:1
FNDA:65,readBytecodec
DA:1,1
DA:2,1
DA:3,1
DA:4,1
DA:5,1
DA:6,1
DA:7,1
DA:8,1
DA:9,1
DA:10,1
DA:11,1
DA:12,1
DA:13,1
DA:14,1
DA:15,1
DA:16,1
DA:17,1
DA:18,1
DA:19,1
DA:20,1
DA:21,65
DA:22,65
LF:22
LH:22
BRDA:20,0,0,65
BRF:1
BRH:1
end_of_record
TN:
SF:src\.helpers\toNodearchiveError\index.ts
FN:18,toNodearchiveError
FNF:1
FNH:1
FNDA:44,toNodearchiveError
DA:1,1
DA:2,1
DA:3,1
DA:4,1
DA:5,1
DA:6,1
DA:7,1
DA:8,1
DA:9,1
DA:10,1
DA:11,1
DA:12,1
DA:13,1
DA:14,1
DA:15,1
DA:16,1
DA:17,1
DA:18,1
DA:19,44
DA:20,44
DA:21,44
DA:22,44
DA:23,44
DA:24,16
DA:25,16
DA:26,28
DA:27,44
DA:28,44
DA:29,44
DA:30,44
DA:31,44
DA:32,44
LF:32
LH:32
BRDA:18,0,0,44
BRDA:23,1,0,16
BRDA:26,2,0,28
BRDA:27,3,0,27
BRDA:27,4,0,1
BRDA:29,5,0,27
BRDA:29,6,0,27
BRDA:29,7,0,26
BRDA:29,8,0,2
BRDA:31,9,0,27
BRDA:31,10,0,1
BRF:11
BRH:11
end_of_record
TN:
SF:src\pack\index.ts
FN:85,pack
FN:168,mergeEntries
FNF:2
FNH:2
FNDA:29,pack
FNDA:21,mergeEntries
DA:1,1
DA:2,1
DA:3,1
DA:4,1
DA:5,1
DA:6,1
DA:7,1
DA:8,1
DA:9,1
DA:10,1
DA:11,1
DA:12,1
DA:13,1
DA:14,1
DA:15,1
DA:16,1
DA:17,1
DA:18,1
DA:19,1
DA:20,1
DA:21,1
DA:22,1
DA:23,1
DA:24,1
DA:25,1
DA:26,1
DA:27,1
DA:28,1
DA:29,1
DA:30,1
DA:31,1
DA:32,1
DA:33,1
DA:34,1
DA:35,1
DA:36,1
DA:37,1
DA:38,1
DA:39,1
DA:40,1
DA:41,1
DA:42,1
DA:43,1
DA:44,1
DA:45,1
DA:46,1
DA:47,1
DA:48,1
DA:49,1
DA:50,1
DA:51,1
DA:52,1
DA:53,1
DA:54,1
DA:55,1
DA:56,1
DA:57,1
DA:58,1
DA:59,1
DA:60,1
DA:61,1
DA:62,1
DA:63,1
DA:64,1
DA:65,1
DA:66,1
DA:67,1
DA:68,1
DA:69,1
DA:70,1
DA:71,1
DA:72,1
DA:73,1
DA:74,1
DA:75,1
DA:76,1
DA:77,1
DA:78,1
DA:79,1
DA:80,1
DA:81,1
DA:82,1
DA:83,1
DA:84,1
DA:85,1
DA:86,29
DA:87,29
DA:88,29
DA:89,1
DA:90,1
DA:91,1
DA:92,1
DA:93,1
DA:94,28
DA:95,28
DA:96,28
DA:97,4
DA:98,29
DA:99,1
DA:100,1
DA:101,1
DA:102,1
DA:103,1
DA:104,27
DA:105,27
DA:106,27
DA:107,29
DA:108,22
DA:109,29
DA:110,1
DA:111,1
DA:112,1
DA:113,1
DA:114,1
DA:115,26
DA:116,26
DA:117,26
DA:118,29
DA:119,1
DA:120,1
DA:121,1
DA:122,1
DA:123,1
DA:124,23
DA:125,23
DA:126,22
DA:127,22
DA:128,29
DA:129,29
DA:130,29
DA:131,29
DA:132,29
DA:133,29
DA:134,29
DA:135,29
DA:136,29
DA:137,29
DA:138,29
DA:139,29
DA:140,29
DA:141,29
DA:142,29
DA:143,20
DA:144,20
DA:145,20
DA:146,20
DA:147,20
DA:148,20
DA:149,20
DA:150,29
DA:151,29
DA:152,29
DA:153,29
DA:154,29
DA:155,8
DA:156,8
DA:157,12
DA:158,12
DA:159,12
DA:160,12
DA:161,29
DA:162,29
DA:163,29
DA:164,9
DA:165,29
DA:166,29
DA:167,1
DA:168,21
DA:169,21
DA:170,21
DA:171,21
DA:172,21
DA:173,21
DA:174,21
DA:175,73
DA:176,73
DA:177,21
DA:178,21
DA:179,21
LF:179
LH:179
BRDA:85,0,0,29
BRDA:88,1,0,1
BRDA:94,2,0,28
BRDA:96,3,0,4
BRDA:98,4,0,1
BRDA:104,5,0,27
BRDA:106,6,0,24
BRDA:107,7,0,22
BRDA:109,8,0,1
BRDA:115,9,0,26
BRDA:118,10,0,4
BRDA:118,11,0,1
BRDA:124,12,0,23
BRDA:126,13,0,22
BRDA:128,14,0,3
BRDA:129,15,0,27
BRDA:129,16,0,3
BRDA:130,17,0,2
BRDA:130,18,0,19
BRDA:133,19,0,1
BRDA:133,20,0,20
BRDA:143,21,0,20
BRDA:150,22,0,12
BRDA:150,23,0,8
BRDA:154,24,0,8
BRDA:155,25,0,1
BRDA:155,26,0,7
BRDA:157,27,0,12
BRDA:161,28,0,11
BRDA:164,29,0,9
BRDA:165,30,0,7
BRDA:165,31,0,2
BRDA:147,32,0,69
BRDA:168,33,0,21
BRDA:174,34,0,73
BRDA:172,35,0,4
BRDA:178,36,0,54
BRF:37
BRH:37
end_of_record
TN:
SF:src\pack\collectPathEntries\index.ts
FN:22,collectPathEntries
FN:47,visit
FN:93,inspect
FN:109,readChildren
FN:114,readSource
FN:119,expandGlobs
FN:136,toArchiveRoot
FN:157,toList
FNF:8
FNH:8
FNDA:32,collectPathEntries
FNDA:95,visit
FNDA:95,inspect
FNDA:43,readChildren
FNDA:48,readSource
FNDA:5,expandGlobs
FNDA:31,toArchiveRoot
FNDA:32,toList
DA:1,1
DA:2,1
DA:3,1
DA:4,1
DA:5,1
DA:6,1
DA:7,1
DA:8,1
DA:9,1
DA:10,1
DA:11,1
DA:12,1
DA:13,1
DA:14,1
DA:15,1
DA:16,1
DA:17,1
DA:18,1
DA:19,1
DA:20,1
DA:21,1
DA:22,1
DA:23,32
DA:24,32
DA:25,32
DA:26,32
DA:27,32
DA:28,5
DA:29,32
DA:30,2
DA:31,2
DA:32,2
DA:33,2
DA:34,2
DA:35,30
DA:36,30
DA:37,30
DA:38,30
DA:39,32
DA:40,31
DA:41,31
DA:42,31
DA:43,27
DA:44,26
DA:45,26
DA:46,26
DA:47,26
DA:48,95
DA:49,93
DA:50,95
DA:51,1
DA:52,1
DA:53,1
DA:54,1
DA:55,1
DA:56,92
DA:57,95
DA:58,43
DA:59,43
DA:60,43
DA:61,43
DA:62,43
DA:63,43
DA:64,43
DA:65,43
DA:66,43
DA:67,43
DA:68,43
DA:69,43
DA:70,65
DA:71,65
DA:72,65
DA:73,65
DA:74,65
DA:75,43
DA:76,43
DA:77,43
DA:78,49
DA:79,95
DA:80,1
DA:81,1
DA:82,48
DA:83,48
DA:84,48
DA:85,48
DA:86,48
DA:87,48
DA:88,48
DA:89,48
DA:90,48
DA:91,48
DA:92,26
DA:93,26
DA:94,95
DA:95,95
DA:96,95
DA:97,2
DA:98,1
DA:99,1
DA:100,1
DA:101,1
DA:102,1
DA:103,1
DA:104,1
DA:105,1
DA:106,1
DA:107,95
DA:108,26
DA:109,26
DA:110,43
DA:111,43
DA:112,43
DA:113,26
DA:114,26
DA:115,48
DA:116,48
DA:117,26
DA:118,1
DA:119,5
DA:120,5
DA:121,1
DA:122,1
DA:123,4
DA:124,4
DA:125,4
DA:126,4
DA:127,4
DA:128,4
DA:129,4
DA:130,4
DA:131,4
DA:132,4
DA:133,4
DA:134,4
DA:135,1
DA:136,31
DA:137,31
DA:138,2
DA:139,2
DA:140,29
DA:141,29
DA:142,29
DA:143,31
DA:144,1
DA:145,1
DA:146,28
DA:147,31
DA:148,1
DA:149,1
DA:150,1
DA:151,1
DA:152,1
DA:153,27
DA:154,27
DA:155,27
DA:156,1
DA:157,32
DA:158,32
DA:159,1
DA:160,1
DA:161,31
DA:162,32
DA:163,32
LF:163
LH:163
BRDA:22,0,0,32
BRDA:26,1,0,27
BRDA:27,2,0,5
BRDA:28,3,0,5
BRDA:29,4,0,2
BRDA:35,5,0,30
BRDA:39,6,0,31
BRDA:43,7,0,27
BRDA:44,8,0,26
BRDA:45,9,0,65
BRDA:47,10,0,95
BRDA:49,11,0,93
BRDA:50,12,0,1
BRDA:56,13,0,92
BRDA:57,14,0,93
BRDA:57,15,0,43
BRDA:69,16,0,65
BRDA:78,17,0,49
BRDA:79,18,0,1
BRDA:82,19,0,48
BRDA:93,20,0,95
BRDA:96,21,0,2
BRDA:97,22,0,1
BRDA:109,23,0,43
BRDA:111,24,0,25
BRDA:114,25,0,48
BRDA:119,26,0,5
BRDA:120,27,0,1
BRDA:123,28,0,4
BRDA:136,29,0,31
BRDA:137,30,0,2
BRDA:140,31,0,29
BRDA:143,32,0,28
BRDA:143,33,0,1
BRDA:146,34,0,28
BRDA:147,35,0,27
BRDA:147,36,0,1
BRDA:153,37,0,27
BRDA:157,38,0,32
BRDA:158,39,0,1
BRDA:161,40,0,31
BRDA:162,41,0,30
BRDA:162,42,0,1
BRF:43
BRH:43
end_of_record
TN:
SF:src\pack\gzipBytes\index.ts
FN:24,gzipBytes
FNF:1
FNH:1
FNDA:4,gzipBytes
DA:1,1
DA:2,1
DA:3,1
DA:4,1
DA:5,1
DA:6,1
DA:7,1
DA:8,1
DA:9,1
DA:10,1
DA:11,1
DA:12,1
DA:13,1
DA:14,1
DA:15,1
DA:16,1
DA:17,1
DA:18,1
DA:19,1
DA:20,1
DA:21,1
DA:22,1
DA:23,1
DA:24,1
DA:25,4
DA:26,4
DA:27,4
DA:28,4
DA:29,4
DA:30,4
DA:31,4
DA:32,3
DA:33,3
DA:34,4
DA:35,1
DA:36,1
DA:37,1
DA:38,1
DA:39,1
DA:40,1
DA:41,4
LF:41
LH:41
BRDA:24,0,0,4
BRDA:32,1,0,3
BRDA:34,2,0,1
BRF:3
BRH:3
end_of_record
TN:
SF:src\pack\readEntries\index.ts
FN:22,readEntries
FNF:1
FNH:1
FNDA:23,readEntries
DA:1,1
DA:2,1
DA:3,1
DA:4,1
DA:5,1
DA:6,1
DA:7,1
DA:8,1
DA:9,1
DA:10,1
DA:11,1
DA:12,1
DA:13,1
DA:14,1
DA:15,1
DA:16,1
DA:17,1
DA:18,1
DA:19,1
DA:20,1
DA:21,1
DA:22,1
DA:23,23
DA:24,23
DA:25,23
DA:26,3
DA:27,3
DA:28,2
DA:29,2
DA:30,2
DA:31,2
DA:32,2
DA:33,2
DA:34,23
DA:35,23
DA:36,1
DA:37,1
DA:38,1
DA:39,1
DA:40,1
DA:41,1
DA:42,23
LF:42
LH:42
BRDA:22,0,0,23
BRDA:25,1,0,3
BRDA:27,2,0,2
BRDA:34,3,0,20
BRDA:35,4,0,1
BRF:5
BRH:5
end_of_record
TN:
SF:src\pack\readExistingArchive\index.ts
FN:21,readExistingArchive
FNF:1
FNH:1
FNDA:3,readExistingArchive
DA:1,1
DA:2,1
DA:3,1
DA:4,1
DA:5,1
DA:6,1
DA:7,1
DA:8,1
DA:9,1
DA:10,1
DA:11,1
DA:12,1
DA:13,1
DA:14,1
DA:15,1
DA:16,1
DA:17,1
DA:18,1
DA:19,1
DA:20,1
DA:21,1
DA:22,3
DA:23,3
DA:24,3
DA:25,3
DA:26,1
DA:27,3
DA:28,2
DA:29,1
DA:30,1
DA:31,1
DA:32,1
DA:33,1
DA:34,1
DA:35,1
DA:36,1
DA:37,1
DA:38,3
LF:38
LH:38
BRDA:21,0,0,3
BRDA:26,1,0,1
BRDA:27,2,0,2
BRDA:28,3,0,1
BRF:4
BRH:4
end_of_record
TN:
SF:src\pack\resolveOutputFormat\index.ts
FN:29,resolveOutputFormat
FN:60,inferOutputFormat
FN:78,normalizeArchiveFormat
FNF:3
FNH:3
FNDA:34,resolveOutputFormat
FNDA:34,inferOutputFormat
FNDA:10,normalizeArchiveFormat
DA:1,1
DA:2,1
DA:3,1
DA:4,1
DA:5,1
DA:6,1
DA:7,1
DA:8,1
DA:9,1
DA:10,1
DA:11,1
DA:12,1
DA:13,1
DA:14,1
DA:15,1
DA:16,1
DA:17,1
DA:18,1
DA:19,1
DA:20,1
DA:21,1
DA:22,1
DA:23,1
DA:24,1
DA:25,1
DA:26,1
DA:27,1
DA:28,1
DA:29,1
DA:30,34
DA:31,34
DA:32,34
DA:33,34
DA:34,34
DA:35,34
DA:36,19
DA:37,19
DA:38,15
DA:39,33
DA:40,2
DA:41,2
DA:42,2
DA:43,2
DA:44,2
DA:45,13
DA:46,13
DA:47,13
DA:48,5
DA:49,5
DA:50,34
DA:51,2
DA:52,2
DA:53,2
DA:54,2
DA:55,2
DA:56,11
DA:57,11
DA:58,11
DA:59,1
DA:60,34
DA:61,34
DA:62,34
DA:63,34
DA:64,14
DA:65,14
DA:66,20
DA:67,20
DA:68,20
DA:69,34
DA:70,82
DA:71,18
DA:72,18
DA:73,82
DA:74,2
DA:75,2
DA:76,2
DA:77,1
DA:78,10
DA:79,10
DA:80,10
LF:80
LH:80
BRDA:29,0,0,34
BRDA:35,1,0,19
BRDA:36,2,0,6
BRDA:38,3,0,33
BRDA:38,4,0,15
BRDA:39,5,0,2
BRDA:45,6,0,13
BRDA:47,7,0,5
BRDA:50,8,0,33
BRDA:50,9,0,2
BRDA:56,10,0,11
BRDA:60,11,0,34
BRDA:63,12,0,14
BRDA:66,13,0,20
BRDA:69,14,0,82
BRDA:70,15,0,18
BRDA:74,16,0,2
BRDA:78,17,0,10
BRDA:79,18,0,1
BRDA:79,19,0,9
BRF:20
BRH:20
end_of_record
TN:
SF:src\pack\toZlibLevel\index.ts
FN:25,toZlibLevel
FNF:1
FNH:1
FNDA:3,toZlibLevel
DA:1,1
DA:2,1
DA:3,1
DA:4,1
DA:5,1
DA:6,1
DA:7,1
DA:8,1
DA:9,1
DA:10,1
DA:11,1
DA:12,1
DA:13,1
DA:14,1
DA:15,1
DA:16,1
DA:17,1
DA:18,1
DA:19,1
DA:20,1
DA:21,1
DA:22,1
DA:23,1
DA:24,1
DA:25,1
DA:26,3
DA:27,3
DA:28,3
DA:29,3
LF:29
LH:29
BRDA:25,0,0,3
BRF:1
BRH:1
end_of_record
TN:
SF:src\pack\writeArchive\index.ts
FN:31,writeArchive
FNF:1
FNH:1
FNDA:15,writeArchive
DA:1,1
DA:2,1
DA:3,1
DA:4,1
DA:5,1
DA:6,1
DA:7,1
DA:8,1
DA:9,1
DA:10,1
DA:11,1
DA:12,1
DA:13,1
DA:14,1
DA:15,1
DA:16,1
DA:17,1
DA:18,1
DA:19,1
DA:20,1
DA:21,1
DA:22,1
DA:23,1
DA:24,1
DA:25,1
DA:26,1
DA:27,1
DA:28,1
DA:29,1
DA:30,1
DA:31,1
DA:32,15
DA:33,15
DA:34,15
DA:35,15
DA:36,15
DA:37,15
DA:38,15
DA:39,15
DA:40,15
DA:41,14
DA:42,14
DA:43,15
DA:44,1
DA:45,1
DA:46,1
DA:47,1
DA:48,1
DA:49,1
DA:50,15
LF:50
LH:50
BRDA:31,0,0,15
BRDA:41,1,0,14
BRDA:43,2,0,1
BRF:3
BRH:3
end_of_record
TN:
SF:src\pack\writeArchiveFile\index.ts
FN:22,writeArchiveFile
FN:74,readPathType
FNF:2
FNH:2
FNDA:16,writeArchiveFile
FNDA:16,readPathType
DA:1,1
DA:2,1
DA:3,1
DA:4,1
DA:5,1
DA:6,1
DA:7,1
DA:8,1
DA:9,1
DA:10,1
DA:11,1
DA:12,1
DA:13,1
DA:14,1
DA:15,1
DA:16,1
DA:17,1
DA:18,1
DA:19,1
DA:20,1
DA:21,1
DA:22,1
DA:23,16
DA:24,16
DA:25,16
DA:26,16
DA:27,16
DA:28,16
DA:29,16
DA:30,16
DA:31,16
DA:32,16
DA:33,16
DA:34,15
DA:35,16
DA:36,2
DA:37,2
DA:38,2
DA:39,2
DA:40,2
DA:41,13
DA:42,16
DA:43,5
DA:44,2
DA:45,2
DA:46,2
DA:47,2
DA:48,2
DA:49,3
DA:50,3
DA:51,3
DA:52,8
DA:53,8
DA:54,8
DA:55,16
DA:56,16
DA:57,16
DA:58,6
DA:59,1
DA:60,1
DA:61,1
DA:62,1
DA:63,1
DA:64,1
DA:65,5
DA:66,5
DA:67,5
DA:68,5
DA:69,5
DA:70,5
DA:71,5
DA:72,16
DA:73,1
DA:74,16
DA:75,16
DA:76,16
DA:77,16
DA:78,16
DA:79,16
DA:80,16
DA:81,10
DA:82,9
DA:83,9
DA:84,1
DA:85,1
DA:86,1
DA:87,16
LF:87
LH:87
BRDA:22,0,0,16
BRDA:34,1,0,15
BRDA:35,2,0,2
BRDA:41,3,0,13
BRDA:42,4,0,5
BRDA:43,5,0,2
BRDA:43,6,0,2
BRDA:49,7,0,3
BRDA:52,8,0,8
BRDA:55,9,0,2
BRDA:55,10,0,6
BRDA:57,11,0,7
BRDA:57,12,0,6
BRDA:58,13,0,1
BRDA:65,14,0,5
BRDA:74,15,0,16
BRDA:79,16,0,14
BRDA:79,17,0,6
BRDA:79,18,0,2
BRDA:79,19,0,4
BRDA:80,20,0,10
BRDA:81,21,0,9
BRDA:84,22,0,1
BRF:23
BRH:23
end_of_record
TN:
SF:src\pack\writeGzipArchive\index.ts
FN:21,writeGzipArchive
FNF:1
FNH:1
FNDA:2,writeGzipArchive
DA:1,1
DA:2,1
DA:3,1
DA:4,1
DA:5,1
DA:6,1
DA:7,1
DA:8,1
DA:9,1
DA:10,1
DA:11,1
DA:12,1
DA:13,1
DA:14,1
DA:15,1
DA:16,1
DA:17,1
DA:18,1
DA:19,1
DA:20,1
DA:21,1
DA:22,2
DA:23,2
DA:24,2
DA:25,2
DA:26,2
DA:27,2
DA:28,1
DA:29,1
DA:30,1
DA:31,1
DA:32,1
DA:33,1
DA:34,1
DA:35,1
LF:35
LH:35
BRDA:21,0,0,2
BRDA:27,1,0,1
BRDA:27,2,0,1
BRDA:27,3,0,1
BRDA:25,4,0,5
BRF:5
BRH:5
end_of_record
TN:
SF:src\pack\writeOutputArchive\index.ts
FN:25,writeOutputArchive
FNF:1
FNH:1
FNDA:23,writeOutputArchive
DA:1,1
DA:2,1
DA:3,1
DA:4,1
DA:5,1
DA:6,1
DA:7,1
DA:8,1
DA:9,1
DA:10,1
DA:11,1
DA:12,1
DA:13,1
DA:14,1
DA:15,1
DA:16,1
DA:17,1
DA:18,1
DA:19,1
DA:20,1
DA:21,1
DA:22,1
DA:23,1
DA:24,1
DA:25,1
DA:26,23
DA:27,23
DA:28,23
DA:29,23
DA:30,23
DA:31,12
DA:32,12
DA:33,11
DA:34,22
DA:35,5
DA:36,5
DA:37,6
DA:38,21
DA:39,2
DA:40,2
DA:41,4
DA:42,21
DA:43,2
DA:44,2
DA:45,2
DA:46,2
DA:47,2
DA:48,2
LF:48
LH:48
BRDA:25,0,0,23
BRDA:30,1,0,12
BRDA:33,2,0,22
BRDA:33,3,0,11
BRDA:34,4,0,5
BRDA:37,5,0,21
BRDA:37,6,0,6
BRDA:38,7,0,2
BRDA:41,8,0,4
BRDA:42,9,0,2
BRF:10
BRH:10
end_of_record
TN:
SF:src\pack\writeTarArchive\index.ts
FN:21,writeTarArchive
FN:50,writeEntry
FN:87,onComplete
FNF:3
FNH:3
FNDA:6,writeTarArchive
FNDA:15,writeEntry
FNDA:14,onComplete
DA:1,1
DA:2,1
DA:3,1
DA:4,1
DA:5,1
DA:6,1
DA:7,1
DA:8,1
DA:9,1
DA:10,1
DA:11,1
DA:12,1
DA:13,1
DA:14,1
DA:15,1
DA:16,1
DA:17,1
DA:18,1
DA:19,1
DA:20,1
DA:21,1
DA:22,6
DA:23,6
DA:24,6
DA:25,6
DA:26,6
DA:27,6
DA:28,6
DA:29,31
DA:30,6
DA:31,6
DA:32,6
DA:33,6
DA:34,6
DA:35,6
DA:36,15
DA:37,13
DA:38,4
DA:39,4
DA:40,4
DA:41,6
DA:42,2
DA:43,2
DA:44,2
DA:45,2
DA:46,2
DA:47,2
DA:48,6
DA:49,1
DA:50,15
DA:51,15
DA:52,15
DA:53,15
DA:54,15
DA:55,15
DA:56,7
DA:57,7
DA:58,7
DA:59,7
DA:60,7
DA:61,7
DA:62,7
DA:63,7
DA:64,7
DA:65,7
DA:66,8
DA:67,15
DA:68,1
DA:69,1
DA:70,1
DA:71,1
DA:72,1
DA:73,1
DA:74,1
DA:75,1
DA:76,7
DA:77,7
DA:78,7
DA:79,15
DA:80,15
DA:81,15
DA:82,15
DA:83,15
DA:84,15
DA:85,15
DA:86,15
DA:87,15
DA:88,14
DA:89,1
DA:90,1
DA:91,1
DA:92,13
DA:93,13
DA:94,13
DA:95,15
DA:96,15
LF:96
LH:96
BRDA:21,0,0,6
BRDA:35,1,0,15
BRDA:37,2,0,13
BRDA:38,3,0,4
BRDA:41,4,0,2
BRDA:27,5,0,6
BRDA:28,6,0,31
BRDA:32,7,0,4
BRDA:50,8,0,15
BRDA:54,9,0,15
BRDA:55,10,0,7
BRDA:58,11,0,1
BRDA:66,12,0,8
BRDA:67,13,0,1
BRDA:76,14,0,7
BRDA:79,15,0,1
BRDA:87,16,0,14
BRDA:88,17,0,1
BRDA:92,18,0,13
BRF:19
BRH:19
end_of_record
TN:
SF:src\pack\writeZipArchive\index.ts
FN:22,writeZipArchive
FN:62,toZipOptions
FNF:2
FNH:2
FNDA:5,writeZipArchive
FNDA:4,toZipOptions
DA:1,1
DA:2,1
DA:3,1
DA:4,1
DA:5,1
DA:6,1
DA:7,1
DA:8,1
DA:9,1
DA:10,1
DA:11,1
DA:12,1
DA:13,1
DA:14,1
DA:15,1
DA:16,1
DA:17,1
DA:18,1
DA:19,1
DA:20,1
DA:21,1
DA:22,1
DA:23,5
DA:24,5
DA:25,5
DA:26,5
DA:27,5
DA:28,5
DA:29,5
DA:30,15
DA:31,7
DA:32,7
DA:33,7
DA:34,7
DA:35,7
DA:36,7
DA:37,8
DA:38,15
DA:39,1
DA:40,1
DA:41,1
DA:42,1
DA:43,1
DA:44,7
DA:45,7
DA:46,7
DA:47,7
DA:48,7
DA:49,4
DA:50,4
DA:51,4
DA:52,4
DA:53,5
DA:54,1
DA:55,1
DA:56,1
DA:57,1
DA:58,1
DA:59,1
DA:60,5
DA:61,1
DA:62,4
DA:63,4
DA:64,1
DA:65,1
DA:66,3
DA:67,3
DA:68,3
DA:69,3
DA:70,4
DA:71,4
DA:72,4
DA:73,4
DA:74,4
LF:74
LH:74
BRDA:22,0,0,5
BRDA:29,1,0,15
BRDA:30,2,0,14
BRDA:30,3,0,7
BRDA:37,4,0,8
BRDA:38,5,0,1
BRDA:44,6,0,7
BRDA:49,7,0,4
BRDA:53,8,0,1
BRDA:62,9,0,4
BRDA:63,10,0,1
BRDA:66,11,0,3
BRDA:70,12,0,1
BRDA:70,13,0,2
BRF:14
BRH:14
end_of_record
TN:
SF:src\unpack\index.ts
FN:72,unpack
FNF:1
FNH:1
FNDA:29,unpack
DA:1,1
DA:2,1
DA:3,1
DA:4,1
DA:5,1
DA:6,1
DA:7,1
DA:8,1
DA:9,1
DA:10,1
DA:11,1
DA:12,1
DA:13,1
DA:14,1
DA:15,1
DA:16,1
DA:17,1
DA:18,1
DA:19,1
DA:20,1
DA:21,1
DA:22,1
DA:23,1
DA:24,1
DA:25,1
DA:26,1
DA:27,1
DA:28,1
DA:29,1
DA:30,1
DA:31,1
DA:32,1
DA:33,1
DA:34,1
DA:35,1
DA:36,1
DA:37,1
DA:38,1
DA:39,1
DA:40,1
DA:41,1
DA:42,1
DA:43,1
DA:44,1
DA:45,1
DA:46,1
DA:47,1
DA:48,1
DA:49,1
DA:50,1
DA:51,1
DA:52,1
DA:53,1
DA:54,1
DA:55,1
DA:56,1
DA:57,1
DA:58,1
DA:59,1
DA:60,1
DA:61,1
DA:62,1
DA:63,1
DA:64,1
DA:65,1
DA:66,1
DA:67,1
DA:68,1
DA:69,1
DA:70,1
DA:71,1
DA:72,1
DA:73,29
DA:74,29
DA:75,29
DA:76,1
DA:77,1
DA:78,1
DA:79,1
DA:80,1
DA:81,28
DA:82,28
DA:83,28
DA:84,15
DA:85,29
DA:86,1
DA:87,1
DA:88,1
DA:89,1
DA:90,1
DA:91,27
DA:92,27
DA:93,29
DA:94,29
DA:95,1
DA:96,1
DA:97,1
DA:98,1
DA:99,1
DA:100,26
DA:101,26
DA:102,26
DA:103,29
DA:104,29
DA:105,10
DA:106,22
DA:107,22
DA:108,22
DA:109,71
DA:110,71
DA:111,71
DA:112,22
DA:113,22
DA:114,22
DA:115,22
DA:116,22
DA:117,22
DA:118,22
DA:119,29
DA:120,29
DA:121,29
DA:122,29
DA:123,29
DA:124,12
DA:125,12
DA:126,10
DA:127,10
DA:128,10
DA:129,10
DA:130,10
DA:131,10
DA:132,10
DA:133,10
DA:134,29
DA:135,3
DA:136,3
DA:137,3
DA:138,3
DA:139,3
DA:140,3
DA:141,7
DA:142,29
DA:143,29
LF:143
LH:143
BRDA:72,0,0,29
BRDA:75,1,0,1
BRDA:81,2,0,28
BRDA:83,3,0,15
BRDA:84,4,0,14
BRDA:85,5,0,1
BRDA:91,6,0,27
BRDA:94,7,0,13
BRDA:94,8,0,1
BRDA:100,9,0,26
BRDA:103,10,0,14
BRDA:104,11,0,12
BRDA:105,12,0,10
BRDA:106,13,0,22
BRDA:119,14,0,10
BRDA:119,15,0,12
BRDA:123,16,0,12
BRDA:126,17,0,10
BRDA:134,18,0,7
BRDA:134,19,0,3
BRDA:141,20,0,7
BRDA:142,21,0,4
BRDA:142,22,0,3
BRDA:108,23,0,71
BRDA:111,24,0,41
BRDA:112,25,0,30
BRDA:117,26,0,71
BRF:27
BRH:27
end_of_record
TN:
SF:src\unpack\materializeArchive\index.ts
FN:23,materializeArchive
FN:99,applyMode
FN:107,ensureDirectory
FN:111,readPathType
FN:126,toSafePath
FNF:5
FNH:5
FNDA:19,materializeArchive
FNDA:22,applyMode
FNDA:38,ensureDirectory
FNDA:25,readPathType
FNDA:45,toSafePath
DA:1,1
DA:2,1
DA:3,1
DA:4,1
DA:5,1
DA:6,1
DA:7,1
DA:8,1
DA:9,1
DA:10,1
DA:11,1
DA:12,1
DA:13,1
DA:14,1
DA:15,1
DA:16,1
DA:17,1
DA:18,1
DA:19,1
DA:20,1
DA:21,1
DA:22,1
DA:23,1
DA:24,19
DA:25,19
DA:26,19
DA:27,19
DA:28,19
DA:29,19
DA:30,19
DA:31,19
DA:32,19
DA:33,13
DA:34,13
DA:35,19
DA:36,19
DA:37,45
DA:38,45
DA:39,45
DA:40,45
DA:41,18
DA:42,18
DA:43,18
DA:44,11
DA:45,11
DA:46,11
DA:47,18
DA:48,18
DA:49,18
DA:50,25
DA:51,25
DA:52,25
DA:53,25
DA:54,24
DA:55,45
DA:56,1
DA:57,1
DA:58,1
DA:59,1
DA:60,1
DA:61,23
DA:62,45
DA:63,9
DA:64,2
DA:65,2
DA:66,2
DA:67,2
DA:68,2
DA:69,7
DA:70,7
DA:71,7
DA:72,14
DA:73,14
DA:74,14
DA:75,14
DA:76,14
DA:77,45
DA:78,45
DA:79,45
DA:80,3
DA:81,2
DA:82,2
DA:83,2
DA:84,2
DA:85,2
DA:86,2
DA:87,1
DA:88,1
DA:89,1
DA:90,1
DA:91,1
DA:92,1
DA:93,1
DA:94,11
DA:95,11
DA:96,11
DA:97,10
DA:98,1
DA:99,22
DA:100,22
DA:101,4
DA:102,4
DA:103,18
DA:104,18
DA:105,18
DA:106,1
DA:107,38
DA:108,38
DA:109,38
DA:110,1
DA:111,25
DA:112,25
DA:113,25
DA:114,25
DA:115,25
DA:116,25
DA:117,25
DA:118,15
DA:119,14
DA:120,14
DA:121,1
DA:122,1
DA:123,1
DA:124,25
DA:125,1
DA:126,45
DA:127,45
DA:128,45
DA:129,45
DA:130,45
DA:131,45
DA:132,45
DA:133,43
DA:134,45
DA:135,2
DA:136,2
DA:137,2
DA:138,2
DA:139,2
DA:140,43
DA:141,43
DA:142,43
LF:142
LH:142
BRDA:23,0,0,19
BRDA:32,1,0,13
BRDA:36,2,0,45
BRDA:40,3,0,43
BRDA:40,4,0,18
BRDA:43,5,0,11
BRDA:50,6,0,25
BRDA:54,7,0,24
BRDA:55,8,0,1
BRDA:61,9,0,23
BRDA:62,10,0,9
BRDA:63,11,0,2
BRDA:63,12,0,2
BRDA:69,13,0,7
BRDA:72,14,0,43
BRDA:72,15,0,14
BRDA:77,16,0,8
BRDA:77,17,0,6
BRDA:79,18,0,11
BRDA:79,19,0,3
BRDA:80,20,0,2
BRDA:87,21,0,1
BRDA:94,22,0,11
BRDA:97,23,0,10
BRDA:99,24,0,22
BRDA:100,25,0,4
BRDA:103,26,0,18
BRDA:107,27,0,38
BRDA:111,28,0,25
BRDA:116,29,0,23
BRDA:116,30,0,10
BRDA:116,31,0,1
BRDA:116,32,0,9
BRDA:117,33,0,15
BRDA:118,34,0,14
BRDA:121,35,0,1
BRDA:126,36,0,45
BRDA:131,37,0,43
BRDA:132,38,0,43
BRDA:134,39,0,2
BRDA:140,40,0,43
BRF:41
BRH:41
end_of_record
TN:
SF:src\unpack\readArchiveFile\index.ts
FN:20,readArchiveFile
FNF:1
FNH:1
FNDA:12,readArchiveFile
DA:1,1
DA:2,1
DA:3,1
DA:4,1
DA:5,1
DA:6,1
DA:7,1
DA:8,1
DA:9,1
DA:10,1
DA:11,1
DA:12,1
DA:13,1
DA:14,1
DA:15,1
DA:16,1
DA:17,1
DA:18,1
DA:19,1
DA:20,1
DA:21,12
DA:22,12
DA:23,10
DA:24,12
DA:25,2
DA:26,1
DA:27,1
DA:28,1
DA:29,1
DA:30,1
DA:31,1
DA:32,1
DA:33,1
DA:34,1
DA:35,1
DA:36,1
DA:37,1
DA:38,1
DA:39,12
LF:39
LH:39
BRDA:20,0,0,12
BRDA:23,1,0,10
BRDA:24,2,0,2
BRDA:25,3,0,1
BRF:4
BRH:4
end_of_record
TN:
SF:src\unpack\readForeignArchive\index.ts
FN:22,readForeignArchive
FN:44,looksLikeZip
FN:54,looksLikeGzip
FN:58,looksLikeTar
FNF:4
FNH:4
FNDA:17,readForeignArchive
FNDA:17,looksLikeZip
FNDA:10,looksLikeGzip
FNDA:4,looksLikeTar
DA:1,1
DA:2,1
DA:3,1
DA:4,1
DA:5,1
DA:6,1
DA:7,1
DA:8,1
DA:9,1
DA:10,1
DA:11,1
DA:12,1
DA:13,1
DA:14,1
DA:15,1
DA:16,1
DA:17,1
DA:18,1
DA:19,1
DA:20,1
DA:21,1
DA:22,1
DA:23,17
DA:24,17
DA:25,17
DA:26,17
DA:27,7
DA:28,7
DA:29,10
DA:30,16
DA:31,6
DA:32,6
DA:33,4
DA:34,16
DA:35,3
DA:36,3
DA:37,1
DA:38,1
DA:39,1
DA:40,1
DA:41,1
DA:42,1
DA:43,1
DA:44,17
DA:45,17
DA:46,17
DA:47,17
DA:48,17
DA:49,17
DA:50,7
DA:51,17
DA:52,17
DA:53,1
DA:54,10
DA:55,10
DA:56,10
DA:57,1
DA:58,4
DA:59,4
DA:60,4
DA:61,3
DA:62,4
DA:63,4
LF:63
LH:63
BRDA:22,0,0,17
BRDA:26,1,0,7
BRDA:29,2,0,16
BRDA:29,3,0,10
BRDA:30,4,0,6
BRDA:33,5,0,4
BRDA:34,6,0,3
BRDA:37,7,0,1
BRDA:44,8,0,17
BRDA:46,9,0,16
BRDA:47,10,0,7
BRDA:48,11,0,7
BRDA:49,12,0,2
BRDA:49,13,0,1
BRDA:49,14,0,7
BRDA:50,15,0,2
BRDA:50,16,0,1
BRDA:54,17,0,10
BRDA:55,18,0,6
BRDA:58,19,0,4
BRDA:60,20,0,3
BRF:21
BRH:21
end_of_record
TN:
SF:src\unpack\readGzipArchive\index.ts
FN:23,readGzipArchive
FN:50,looksLikeTar
FN:57,toEntryPath
FNF:3
FNH:3
FNDA:8,readGzipArchive
FNDA:7,looksLikeTar
FNDA:4,toEntryPath
DA:1,1
DA:2,1
DA:3,1
DA:4,1
DA:5,1
DA:6,1
DA:7,1
DA:8,1
DA:9,1
DA:10,1
DA:11,1
DA:12,1
DA:13,1
DA:14,1
DA:15,1
DA:16,1
DA:17,1
DA:18,1
DA:19,1
DA:20,1
DA:21,1
DA:22,1
DA:23,1
DA:24,8
DA:25,8
DA:26,8
DA:27,8
DA:28,8
DA:29,8
DA:30,8
DA:31,3
DA:32,3
DA:33,4
DA:34,4
DA:35,4
DA:36,4
DA:37,4
DA:38,4
DA:39,4
DA:40,4
DA:41,8
DA:42,1
DA:43,1
DA:44,1
DA:45,1
DA:46,1
DA:47,1
DA:48,8
DA:49,1
DA:50,7
DA:51,7
DA:52,7
DA:53,3
DA:54,7
DA:55,7
DA:56,1
DA:57,4
DA:58,4
DA:59,2
DA:60,2
DA:61,2
DA:62,2
DA:63,2
DA:64,4
DA:65,4
LF:65
LH:65
BRDA:23,0,0,8
BRDA:30,1,0,3
BRDA:33,2,0,4
BRDA:41,3,0,1
BRDA:50,4,0,7
BRDA:52,5,0,3
BRDA:57,6,0,4
BRDA:58,7,0,2
BRDA:64,8,0,1
BRF:9
BRH:9
end_of_record
TN:
SF:src\unpack\readInputArchive\index.ts
FN:20,readInputArchive
FNF:1
FNH:1
FNDA:24,readInputArchive
DA:1,1
DA:2,1
DA:3,1
DA:4,1
DA:5,1
DA:6,1
DA:7,1
DA:8,1
DA:9,1
DA:10,1
DA:11,1
DA:12,1
DA:13,1
DA:14,1
DA:15,1
DA:16,1
DA:17,1
DA:18,1
DA:19,1
DA:20,1
DA:21,24
DA:22,24
DA:23,24
DA:24,24
DA:25,24
DA:26,24
DA:27,14
DA:28,14
DA:29,24
LF:29
LH:29
BRDA:20,0,0,24
BRDA:26,1,0,14
BRF:2
BRH:2
end_of_record
TN:
SF:src\unpack\readTarArchive\index.ts
FN:24,readTarArchive
FN:38,collectEntries
FN:70,pushEntry
FNF:3
FNH:3
FNDA:8,readTarArchive
FNDA:8,collectEntries
FNDA:20,pushEntry
DA:1,1
DA:2,1
DA:3,1
DA:4,1
DA:5,1
DA:6,1
DA:7,1
DA:8,1
DA:9,1
DA:10,1
DA:11,1
DA:12,1
DA:13,1
DA:14,1
DA:15,1
DA:16,1
DA:17,1
DA:18,1
DA:19,1
DA:20,1
DA:21,1
DA:22,1
DA:23,1
DA:24,1
DA:25,8
DA:26,8
DA:27,8
DA:28,8
DA:29,8
DA:30,1
DA:31,1
DA:32,1
DA:33,1
DA:34,1
DA:35,1
DA:36,8
DA:37,1
DA:38,8
DA:39,8
DA:40,8
DA:41,8
DA:42,8
DA:43,8
DA:44,20
DA:45,20
DA:46,20
DA:47,10
DA:48,20
DA:49,20
DA:50,20
DA:51,20
DA:52,20
DA:53,20
DA:54,20
DA:55,1
DA:56,1
DA:57,1
DA:58,19
DA:59,19
DA:60,20
DA:61,8
DA:62,8
DA:63,8
DA:64,8
DA:65,8
DA:66,8
DA:67,8
DA:68,8
DA:69,1
DA:70,20
DA:71,20
DA:72,20
DA:73,20
DA:74,20
DA:75,20
DA:76,20
DA:77,20
DA:78,1
DA:79,1
DA:80,19
DA:81,20
DA:82,8
DA:83,8
DA:84,8
DA:85,11
DA:86,20
DA:87,1
DA:88,1
DA:89,1
DA:90,1
DA:91,1
DA:92,10
DA:93,10
DA:94,10
DA:95,10
DA:96,10
DA:97,10
DA:98,10
DA:99,10
LF:99
LH:99
BRDA:24,0,0,8
BRDA:28,1,0,7
BRDA:29,2,0,1
BRDA:38,3,0,8
BRDA:39,4,0,8
BRDA:43,5,0,20
BRDA:46,6,0,10
BRDA:51,7,0,20
BRDA:54,8,0,1
BRDA:58,9,0,19
BRDA:64,10,0,7
BRDA:70,11,0,20
BRDA:77,12,0,1
BRDA:80,13,0,19
BRDA:81,14,0,8
BRDA:85,15,0,11
BRDA:86,16,0,1
BRDA:86,17,0,1
BRDA:92,18,0,10
BRF:19
BRH:19
end_of_record
TN:
SF:src\unpack\readZipArchive\index.ts
FN:23,readZipArchive
FN:69,toMode
FNF:2
FNH:2
FNDA:9,readZipArchive
FNDA:20,toMode
DA:1,1
DA:2,1
DA:3,1
DA:4,1
DA:5,1
DA:6,1
DA:7,1
DA:8,1
DA:9,1
DA:10,1
DA:11,1
DA:12,1
DA:13,1
DA:14,1
DA:15,1
DA:16,1
DA:17,1
DA:18,1
DA:19,1
DA:20,1
DA:21,1
DA:22,1
DA:23,1
DA:24,9
DA:25,9
DA:26,9
DA:27,9
DA:28,8
DA:29,8
DA:30,9
DA:31,23
DA:32,23
DA:33,23
DA:34,3
DA:35,3
DA:36,20
DA:37,20
DA:38,20
DA:39,23
DA:40,1
DA:41,1
DA:42,1
DA:43,1
DA:44,1
DA:45,19
DA:46,23
DA:47,7
DA:48,7
DA:49,7
DA:50,12
DA:51,12
DA:52,12
DA:53,12
DA:54,12
DA:55,12
DA:56,12
DA:57,12
DA:58,7
DA:59,7
DA:60,9
DA:61,2
DA:62,2
DA:63,2
DA:64,2
DA:65,2
DA:66,2
DA:67,9
DA:68,1
DA:69,20
DA:70,20
DA:71,4
DA:72,4
DA:73,16
DA:74,20
DA:75,3
DA:76,3
DA:77,13
DA:78,13
DA:79,13
LF:79
LH:79
BRDA:23,0,0,9
BRDA:28,1,0,8
BRDA:30,2,0,23
BRDA:33,3,0,3
BRDA:36,4,0,20
BRDA:39,5,0,7
BRDA:39,6,0,1
BRDA:45,7,0,19
BRDA:46,8,0,22
BRDA:46,9,0,7
BRDA:50,10,0,12
BRDA:58,11,0,7
BRDA:60,12,0,2
BRDA:69,13,0,20
BRDA:70,14,0,4
BRDA:73,15,0,16
BRDA:74,16,0,3
BRDA:77,17,0,13
BRF:18
BRH:18
end_of_record
TN:
SF:src\unpack\toArchiveManifest\index.ts
FN:19,toArchiveManifest
FNF:1
FNH:1
FNDA:18,toArchiveManifest
DA:1,1
DA:2,1
DA:3,1
DA:4,1
DA:5,1
DA:6,1
DA:7,1
DA:8,1
DA:9,1
DA:10,1
DA:11,1
DA:12,1
DA:13,1
DA:14,1
DA:15,1
DA:16,1
DA:17,1
DA:18,1
DA:19,1
DA:20,18
DA:21,18
DA:22,24
DA:23,18
DA:24,18
DA:25,18
DA:26,18
DA:27,18
LF:27
LH:27
BRDA:19,0,0,18
BRDA:21,1,0,24
BRF:2
BRH:2
end_of_record
TN:
SF:src\unpack\toMemoryResult\index.ts
FN:19,toMemoryResult
FNF:1
FNH:1
FNDA:12,toMemoryResult
DA:1,1
DA:2,1
DA:3,1
DA:4,1
DA:5,1
DA:6,1
DA:7,1
DA:8,1
DA:9,1
DA:10,1
DA:11,1
DA:12,1
DA:13,1
DA:14,1
DA:15,1
DA:16,1
DA:17,1
DA:18,1
DA:19,1
DA:20,12
DA:21,12
DA:22,12
DA:23,3
DA:24,3
DA:25,9
DA:26,9
DA:27,9
DA:28,32
DA:29,32
DA:30,16
DA:31,16
DA:32,16
DA:33,16
DA:34,16
DA:35,32
DA:36,16
DA:37,16
DA:38,16
DA:39,16
DA:40,9
DA:41,9
DA:42,9
LF:42
LH:42
BRDA:19,0,0,12
BRDA:22,1,0,3
BRDA:22,2,0,3
BRDA:25,3,0,9
BRDA:27,4,0,32
BRDA:29,5,0,16
BRDA:35,6,0,16
BRF:7
BRH:7
end_of_record
